#
# A fatal error has been detected by the Java Runtime Environment:
#
#  EXCEPTION_ACCESS_VIOLATION (0xc0000005) at pc=0x6455599a, pid=8424, tid=10368
#
# JRE version: 7.0_04-b22
# Java VM: Java HotSpot(TM) Client VM (23.0-b21 mixed mode, sharing windows-x86 )
# Problematic frame:
# V  [jvm.dll+0xa599a]
#
# Failed to write core dump. Minidumps are not enabled by default on client versions of Windows
#
# If you would like to submit a bug report, please visit:
#   http://bugreport.sun.com/bugreport/crash.jsp
#

---------------  T H R E A D  ---------------

Current thread (0x04f91c00):  JavaThread "AWT-EventQueue-0" [_thread_in_vm, id=10368, stack(0x08360000,0x083b0000)]

siginfo: ExceptionCode=0xc0000005, reading address 0x00000000

Registers:
EAX=0x00000000, EBX=0x347e1a50, ECX=0x00000000, EDX=0x64555940
ESP=0x083adb34, EBP=0x083adb4c, ESI=0x04f91d28, EDI=0x04f91c00
EIP=0x6455599a, EFLAGS=0x00010246

Top of Stack: (sp=0x083adb34)
0x083adb34:   347e1a50 04f91c00 04f91c00 00000000
0x083adb44:   04f91c00 00000006 083adb68 65da1339
0x083adb54:   04f91d28 00000000 00000000 347e1a50
0x083adb64:   347e1a50 083adbbc 0299a707 04f91d28
0x083adb74:   083adbec 00000000 083adbe4 4305553f
0x083adb84:   3f87f175 3f7d70a4 3f733333 00000007
0x083adb94:   00000007 00d5b284 083adb9c 347e1a50
0x083adba4:   083adbec 3481d6f0 00000000 347e1a50 

Instructions: (pc=0x6455599a)
0x6455597a:   ff 83 c4 08 83 7f 04 00 89 7d f0 c7 45 f4 00 00
0x6455598a:   00 00 74 08 8d 4d f0 e8 4a 67 0c 00 8b 45 0c 53
0x6455599a:   8b 18 56 53 e8 6d ab f7 ff 8d 70 01 56 e8 d4 a3
0x645559aa:   08 00 83 c4 08 89 45 08 85 c0 75 19 68 3c a3 73 


Register to memory mapping:

EAX=0x00000000 is an unknown value
EBX=0x347e1a50 is an oop
{method} 
 - klass: {other class}
ECX=0x00000000 is an unknown value
EDX=0x64555940 is an unknown value
ESP=0x083adb34 is pointing into the stack for thread: 0x04f91c00
EBP=0x083adb4c is pointing into the stack for thread: 0x04f91c00
ESI=0x04f91d28 is an unknown value
EDI=0x04f91c00 is a thread


Stack: [0x08360000,0x083b0000],  sp=0x083adb34,  free space=310k
Native frames: (J=compiled Java code, j=interpreted, Vv=VM code, C=native code)
V  [jvm.dll+0xa599a]
C  [cuda_gauss_tracker.dll+0x1339]  Java_ParticleTracking_Timelapse_1Analysis_cudaGaussFitter+0x19
j  ParticleTracking.Timelapse_Analysis.cudaGaussFitter(Ljava/lang/String;Ljava/lang/String;FFFFII)Z+0
j  ParticleTracking.Timelapse_Analysis.cudaFindParticles(DZIIDLij/ImageStack;Z)LParticleTracking/ParticleArray;+33
j  ui.UserInterface.viewDetections()V+54
j  ui.UserInterface.previewScrollBarAdjustmentValueChanged(Ljava/awt/event/AdjustmentEvent;)V+36
j  ui.UserInterface.access$000(Lui/UserInterface;Ljava/awt/event/AdjustmentEvent;)V+2
j  ui.UserInterface$1.adjustmentValueChanged(Ljava/awt/event/AdjustmentEvent;)V+5
j  javax.swing.JScrollBar.fireAdjustmentValueChanged(IIIZ)V+67
j  javax.swing.JScrollBar.access$100(Ljavax/swing/JScrollBar;IIIZ)V+6
j  javax.swing.JScrollBar$ModelListener.stateChanged(Ljavax/swing/event/ChangeEvent;)V+54
j  javax.swing.DefaultBoundedRangeModel.fireStateChanged()V+57
j  javax.swing.DefaultBoundedRangeModel.setRangeProperties(IIIIZ)V+130
j  javax.swing.DefaultBoundedRangeModel.setValue(I)V+62
j  javax.swing.JScrollBar.setValue(I)V+14
j  javax.swing.plaf.basic.BasicScrollBarUI.scrollByUnits(Ljavax/swing/JScrollBar;IIZ)V+188
j  javax.swing.plaf.basic.BasicScrollBarUI.scrollByUnit(I)V+7
j  javax.swing.plaf.basic.BasicScrollBarUI$ArrowButtonListener.mousePressed(Ljava/awt/event/MouseEvent;)V+47
j  java.awt.AWTEventMulticaster.mousePressed(Ljava/awt/event/MouseEvent;)V+21
j  java.awt.Component.processMouseEvent(Ljava/awt/event/MouseEvent;)V+54
j  javax.swing.JComponent.processMouseEvent(Ljava/awt/event/MouseEvent;)V+23
j  java.awt.Component.processEvent(Ljava/awt/AWTEvent;)V+81
j  java.awt.Container.processEvent(Ljava/awt/AWTEvent;)V+18
j  java.awt.Component.dispatchEventImpl(Ljava/awt/AWTEvent;)V+581
j  java.awt.Container.dispatchEventImpl(Ljava/awt/AWTEvent;)V+42
J  java.awt.LightweightDispatcher.retargetMouseEvent(Ljava/awt/Component;ILjava/awt/event/MouseEvent;)V
j  java.awt.LightweightDispatcher.dispatchEvent(Ljava/awt/AWTEvent;)Z+50
j  java.awt.Container.dispatchEventImpl(Ljava/awt/AWTEvent;)V+12
j  java.awt.Window.dispatchEventImpl(Ljava/awt/AWTEvent;)V+19
j  java.awt.Component.dispatchEvent(Ljava/awt/AWTEvent;)V+2
j  java.awt.EventQueue.dispatchEventImpl(Ljava/awt/AWTEvent;Ljava/lang/Object;)V+41
j  java.awt.EventQueue.access$000(Ljava/awt/EventQueue;Ljava/awt/AWTEvent;Ljava/lang/Object;)V+3
j  java.awt.EventQueue$3.run()Ljava/lang/Void;+12
j  java.awt.EventQueue$3.run()Ljava/lang/Object;+1
v  ~StubRoutines::call_stub
V  [jvm.dll+0x1296da]
V  [jvm.dll+0x1d837e]
V  [jvm.dll+0x12975d]
V  [jvm.dll+0xd914a]
C  [java.dll+0x102f]  Java_java_security_AccessController_doPrivileged__Ljava_security_PrivilegedAction_2Ljava_security_AccessControlContext_2+0x17
J  java.security.ProtectionDomain$1.doIntersectionPrivilege(Ljava/security/PrivilegedAction;Ljava/security/AccessControlContext;Ljava/security/AccessControlContext;)Ljava/lang/Object;
j  java.awt.EventQueue$4.run()Ljava/lang/Void;+11
j  java.awt.EventQueue$4.run()Ljava/lang/Object;+1
v  ~StubRoutines::call_stub
V  [jvm.dll+0x1296da]
V  [jvm.dll+0x1d837e]
V  [jvm.dll+0x12975d]
V  [jvm.dll+0xd914a]
C  [java.dll+0x102f]  Java_java_security_AccessController_doPrivileged__Ljava_security_PrivilegedAction_2Ljava_security_AccessControlContext_2+0x17
J  java.security.ProtectionDomain$1.doIntersectionPrivilege(Ljava/security/PrivilegedAction;Ljava/security/AccessControlContext;Ljava/security/AccessControlContext;)Ljava/lang/Object;
J  java.awt.EventDispatchThread.pumpOneEventForFilters(I)V
j  java.awt.EventDispatchThread.pumpEventsForFilter(Ljava/awt/Conditional;Ljava/awt/EventFilter;)V+4
j  java.awt.WaitDispatchSupport$2.run()V+59
j  java.awt.event.InvocationEvent.dispatch()V+47
j  java.awt.EventQueue.dispatchEventImpl(Ljava/awt/AWTEvent;Ljava/lang/Object;)V+21
j  java.awt.EventQueue.access$000(Ljava/awt/EventQueue;Ljava/awt/AWTEvent;Ljava/lang/Object;)V+3
j  java.awt.EventQueue$3.run()Ljava/lang/Void;+12
j  java.awt.EventQueue$3.run()Ljava/lang/Object;+1
v  ~StubRoutines::call_stub
V  [jvm.dll+0x1296da]
V  [jvm.dll+0x1d837e]
V  [jvm.dll+0x12975d]
V  [jvm.dll+0xd914a]
C  [java.dll+0x102f]  Java_java_security_AccessController_doPrivileged__Ljava_security_PrivilegedAction_2Ljava_security_AccessControlContext_2+0x17
j  java.security.ProtectionDomain$1.doIntersectionPrivilege(Ljava/security/PrivilegedAction;Ljava/security/AccessControlContext;Ljava/security/AccessControlContext;)Ljava/lang/Object;+28
j  java.awt.EventQueue.dispatchEvent(Ljava/awt/AWTEvent;)V+46
j  java.awt.EventDispatchThread.pumpOneEventForFilters(I)V+245
j  java.awt.EventDispatchThread.pumpEventsForFilter(ILjava/awt/Conditional;Ljava/awt/EventFilter;)V+48
j  java.awt.EventDispatchThread.pumpEventsForHierarchy(ILjava/awt/Conditional;Ljava/awt/Component;)V+11
j  java.awt.EventDispatchThread.pumpEvents(ILjava/awt/Conditional;)V+4
j  java.awt.EventDispatchThread.pumpEvents(Ljava/awt/Conditional;)V+3
j  java.awt.EventDispatchThread.run()V+9
v  ~StubRoutines::call_stub
V  [jvm.dll+0x1296da]
V  [jvm.dll+0x1d837e]
V  [jvm.dll+0x1298c3]
V  [jvm.dll+0x129927]
V  [jvm.dll+0xd24af]
V  [jvm.dll+0x149987]
V  [jvm.dll+0x149af0]
V  [jvm.dll+0x17df89]
C  [msvcr100.dll+0x5c6de]  endthreadex+0x3a
C  [msvcr100.dll+0x5c788]  endthreadex+0xe4
C  [kernel32.dll+0x1338a]  BaseThreadInitThunk+0x12
C  [ntdll.dll+0x3bf32]  RtlInitializeExceptionChain+0x63
C  [ntdll.dll+0x3bf05]  RtlInitializeExceptionChain+0x36

Java frames: (J=compiled Java code, j=interpreted, Vv=VM code)
j  ParticleTracking.Timelapse_Analysis.cudaGaussFitter(Ljava/lang/String;Ljava/lang/String;FFFFII)Z+0
j  ParticleTracking.Timelapse_Analysis.cudaFindParticles(DZIIDLij/ImageStack;Z)LParticleTracking/ParticleArray;+33
j  ui.UserInterface.viewDetections()V+54
j  ui.UserInterface.previewScrollBarAdjustmentValueChanged(Ljava/awt/event/AdjustmentEvent;)V+36
j  ui.UserInterface.access$000(Lui/UserInterface;Ljava/awt/event/AdjustmentEvent;)V+2
j  ui.UserInterface$1.adjustmentValueChanged(Ljava/awt/event/AdjustmentEvent;)V+5
j  javax.swing.JScrollBar.fireAdjustmentValueChanged(IIIZ)V+67
j  javax.swing.JScrollBar.access$100(Ljavax/swing/JScrollBar;IIIZ)V+6
j  javax.swing.JScrollBar$ModelListener.stateChanged(Ljavax/swing/event/ChangeEvent;)V+54
j  javax.swing.DefaultBoundedRangeModel.fireStateChanged()V+57
j  javax.swing.DefaultBoundedRangeModel.setRangeProperties(IIIIZ)V+130
j  javax.swing.DefaultBoundedRangeModel.setValue(I)V+62
j  javax.swing.JScrollBar.setValue(I)V+14
j  javax.swing.plaf.basic.BasicScrollBarUI.scrollByUnits(Ljavax/swing/JScrollBar;IIZ)V+188
j  javax.swing.plaf.basic.BasicScrollBarUI.scrollByUnit(I)V+7
j  javax.swing.plaf.basic.BasicScrollBarUI$ArrowButtonListener.mousePressed(Ljava/awt/event/MouseEvent;)V+47
j  java.awt.AWTEventMulticaster.mousePressed(Ljava/awt/event/MouseEvent;)V+21
j  java.awt.Component.processMouseEvent(Ljava/awt/event/MouseEvent;)V+54
j  javax.swing.JComponent.processMouseEvent(Ljava/awt/event/MouseEvent;)V+23
j  java.awt.Component.processEvent(Ljava/awt/AWTEvent;)V+81
j  java.awt.Container.processEvent(Ljava/awt/AWTEvent;)V+18
j  java.awt.Component.dispatchEventImpl(Ljava/awt/AWTEvent;)V+581
j  java.awt.Container.dispatchEventImpl(Ljava/awt/AWTEvent;)V+42
J  java.awt.LightweightDispatcher.retargetMouseEvent(Ljava/awt/Component;ILjava/awt/event/MouseEvent;)V
j  java.awt.LightweightDispatcher.processMouseEvent(Ljava/awt/event/MouseEvent;)Z+126
j  java.awt.LightweightDispatcher.dispatchEvent(Ljava/awt/AWTEvent;)Z+50
j  java.awt.Container.dispatchEventImpl(Ljava/awt/AWTEvent;)V+12
j  java.awt.Window.dispatchEventImpl(Ljava/awt/AWTEvent;)V+19
j  java.awt.Component.dispatchEvent(Ljava/awt/AWTEvent;)V+2
j  java.awt.EventQueue.dispatchEventImpl(Ljava/awt/AWTEvent;Ljava/lang/Object;)V+41
j  java.awt.EventQueue.access$000(Ljava/awt/EventQueue;Ljava/awt/AWTEvent;Ljava/lang/Object;)V+3
j  java.awt.EventQueue$3.run()Ljava/lang/Void;+12
j  java.awt.EventQueue$3.run()Ljava/lang/Object;+1
v  ~StubRoutines::call_stub
J  java.security.AccessController.doPrivileged(Ljava/security/PrivilegedAction;Ljava/security/AccessControlContext;)Ljava/lang/Object;
J  java.security.ProtectionDomain$1.doIntersectionPrivilege(Ljava/security/PrivilegedAction;Ljava/security/AccessControlContext;Ljava/security/AccessControlContext;)Ljava/lang/Object;
j  java.security.ProtectionDomain$1.doIntersectionPrivilege(Ljava/security/PrivilegedAction;Ljava/security/AccessControlContext;)Ljava/lang/Object;+6
j  java.awt.EventQueue$4.run()Ljava/lang/Void;+11
j  java.awt.EventQueue$4.run()Ljava/lang/Object;+1
v  ~StubRoutines::call_stub
J  java.security.AccessController.doPrivileged(Ljava/security/PrivilegedAction;Ljava/security/AccessControlContext;)Ljava/lang/Object;
J  java.security.ProtectionDomain$1.doIntersectionPrivilege(Ljava/security/PrivilegedAction;Ljava/security/AccessControlContext;Ljava/security/AccessControlContext;)Ljava/lang/Object;
j  java.awt.EventQueue.dispatchEvent(Ljava/awt/AWTEvent;)V+73
J  java.awt.EventDispatchThread.pumpOneEventForFilters(I)V
j  java.awt.EventDispatchThread.pumpEventsForFilter(ILjava/awt/Conditional;Ljava/awt/EventFilter;)V+48
j  java.awt.EventDispatchThread.pumpEventsForFilter(Ljava/awt/Conditional;Ljava/awt/EventFilter;)V+4
j  java.awt.WaitDispatchSupport$2.run()V+59
j  java.awt.event.InvocationEvent.dispatch()V+47
j  java.awt.EventQueue.dispatchEventImpl(Ljava/awt/AWTEvent;Ljava/lang/Object;)V+21
j  java.awt.EventQueue.access$000(Ljava/awt/EventQueue;Ljava/awt/AWTEvent;Ljava/lang/Object;)V+3
j  java.awt.EventQueue$3.run()Ljava/lang/Void;+12
j  java.awt.EventQueue$3.run()Ljava/lang/Object;+1
v  ~StubRoutines::call_stub
j  java.security.AccessController.doPrivileged(Ljava/security/PrivilegedAction;Ljava/security/AccessControlContext;)Ljava/lang/Object;+0
j  java.security.ProtectionDomain$1.doIntersectionPrivilege(Ljava/security/PrivilegedAction;Ljava/security/AccessControlContext;Ljava/security/AccessControlContext;)Ljava/lang/Object;+28
j  java.awt.EventQueue.dispatchEvent(Ljava/awt/AWTEvent;)V+46
j  java.awt.EventDispatchThread.pumpOneEventForFilters(I)V+245
j  java.awt.EventDispatchThread.pumpEventsForFilter(ILjava/awt/Conditional;Ljava/awt/EventFilter;)V+48
j  java.awt.EventDispatchThread.pumpEventsForHierarchy(ILjava/awt/Conditional;Ljava/awt/Component;)V+11
j  java.awt.EventDispatchThread.pumpEvents(ILjava/awt/Conditional;)V+4
j  java.awt.EventDispatchThread.pumpEvents(Ljava/awt/Conditional;)V+3
j  java.awt.EventDispatchThread.run()V+9
v  ~StubRoutines::call_stub

---------------  P R O C E S S  ---------------

Java Threads: ( => current thread )
  0x05043400 JavaThread "D3D Screen Updater" daemon [_thread_blocked, id=12056, stack(0x0b590000,0x0b5e0000)]
  0x05036800 JavaThread "TimerQueue" daemon [_thread_blocked, id=10304, stack(0x0aea0000,0x0aef0000)]
  0x04fa4800 JavaThread "Swing-Shell" daemon [_thread_blocked, id=7716, stack(0x08b70000,0x08bc0000)]
=>0x04f91c00 JavaThread "AWT-EventQueue-0" [_thread_in_vm, id=10368, stack(0x08360000,0x083b0000)]
  0x04f82c00 JavaThread "AWT-Windows" daemon [_thread_in_native, id=9536, stack(0x081a0000,0x081f0000)]
  0x04f82400 JavaThread "AWT-Shutdown" [_thread_blocked, id=10340, stack(0x08890000,0x088e0000)]
  0x04f7fc00 JavaThread "Java2D Disposer" daemon [_thread_blocked, id=2172, stack(0x083d0000,0x08420000)]
  0x00d81400 JavaThread "Service Thread" daemon [_thread_blocked, id=11056, stack(0x04b70000,0x04bc0000)]
  0x00d7c800 JavaThread "C1 CompilerThread0" daemon [_thread_blocked, id=11816, stack(0x04c30000,0x04c80000)]
  0x00d7c000 JavaThread "Attach Listener" daemon [_thread_blocked, id=9580, stack(0x04c80000,0x04cd0000)]
  0x00d67c00 JavaThread "Signal Dispatcher" daemon [_thread_blocked, id=11372, stack(0x027a0000,0x027f0000)]
  0x00d55000 JavaThread "Finalizer" daemon [_thread_blocked, id=8388, stack(0x04a60000,0x04ab0000)]
  0x00d53800 JavaThread "Reference Handler" daemon [_thread_blocked, id=4288, stack(0x00480000,0x004d0000)]
  0x0298b800 JavaThread "main" [_thread_blocked, id=10252, stack(0x004f0000,0x00540000)]

Other Threads:
  0x00d51400 VMThread [stack: 0x02800000,0x02850000] [id=8068]
  0x00d8bc00 WatcherThread [stack: 0x04e50000,0x04ea0000] [id=5088]

VM state:not at safepoint (normal execution)

VM Mutex/Monitor currently owned by a thread: None

Heap
 def new generation   total 22464K, used 16171K [0x247c0000, 0x26010000, 0x29d10000)
  eden space 20032K,  68% used [0x247c0000, 0x2552ac58, 0x25b50000)
  from space 2432K, 100% used [0x25db0000, 0x26010000, 0x26010000)
  to   space 2432K,   0% used [0x25b50000, 0x25b50000, 0x25db0000)
 tenured generation   total 49680K, used 39517K [0x29d10000, 0x2cd94000, 0x347c0000)
   the space 49680K,  79% used [0x29d10000, 0x2c3a77f8, 0x2c3a7800, 0x2cd94000)
 compacting perm gen  total 12288K, used 3587K [0x347c0000, 0x353c0000, 0x387c0000)
   the space 12288K,  29% used [0x347c0000, 0x34b40dc0, 0x34b40e00, 0x353c0000)
    ro space 10240K,  45% used [0x387c0000, 0x38c43958, 0x38c43a00, 0x391c0000)
    rw space 12288K,  54% used [0x391c0000, 0x39847498, 0x39847600, 0x39dc0000)

Code Cache  [0x02990000, 0x02b10000, 0x04990000)
 total_blobs=869 nmethods=608 adapters=196 free_code_cache=31237Kb largest_free_block=31986048

Compilation events (10 events):
Event: 15.909 Thread 0x00d7c800  606             java.awt.image.ColorModel::getTransparency (5 bytes)
Event: 15.909 Thread 0x00d7c800 nmethod 606 0x02b08ec8 code [0x02b08fc0, 0x02b09040]
Event: 15.914 Thread 0x00d7c800  607   !         sun.dc.DuctusRenderingEngine::getAATileGenerator (1189 bytes)
Event: 15.920 Thread 0x00d7c800 nmethod 607 0x02b09088 code [0x02b09670, 0x02b0b91c]
Event: 15.970 Thread 0x00d7c800  608             sun.awt.SunToolkit::getSystemEventQueueImplPP (13 bytes)
Event: 15.970 Thread 0x00d7c800 nmethod 608 0x02b0e488 code [0x02b0e590, 0x02b0e63c]
Event: 16.019 Thread 0x00d7c800  609             java.awt.event.MouseEvent::getModifiersEx (29 bytes)
Event: 16.020 Thread 0x00d7c800 nmethod 609 0x02b0e708 code [0x02b0e800, 0x02b0e8bc]
Event: 16.704 Thread 0x00d7c800  610             sun.java2d.SunGraphics2D::setFont (105 bytes)
Event: 16.705 Thread 0x00d7c800 nmethod 610 0x02b0e948 code [0x02b0ea70, 0x02b0ed38]

GC Heap History (10 events):
Event: 6.511 GC heap before
{Heap before GC invocations=3 (full 0):
 def new generation   total 4928K, used 4440K [0x247c0000, 0x24d10000, 0x29d10000)
  eden space 4416K,  99% used [0x247c0000, 0x24c0ed58, 0x24c10000)
  from space 512K,   5% used [0x24c90000, 0x24c973f0, 0x24d10000)
  to   space 512K,   0% used [0x24c10000, 0x24c10000, 0x24c90000)
 tenured generation   total 10944K, used 5696K [0x29d10000, 0x2a7c0000, 0x347c0000)
   the space 10944K,  52% used [0x29d10000, 0x2a2a0170, 0x2a2a0200, 0x2a7c0000)
 compacting perm gen  total 12288K, used 2452K [0x347c0000, 0x353c0000, 0x387c0000)
   the space 12288K,  19% used [0x347c0000, 0x34a25068, 0x34a25200, 0x353c0000)
    ro space 10240K,  45% used [0x387c0000, 0x38c43958, 0x38c43a00, 0x391c0000)
    rw space 12288K,  54% used [0x391c0000, 0x39847498, 0x39847600, 0x39dc0000)
Event: 6.514 GC heap after
Heap after GC invocations=4 (full 0):
 def new generation   total 4928K, used 25K [0x247c0000, 0x24d10000, 0x29d10000)
  eden space 4416K,   0% used [0x247c0000, 0x247c0000, 0x24c10000)
  from space 512K,   4% used [0x24c10000, 0x24c16448, 0x24c90000)
  to   space 512K,   0% used [0x24c90000, 0x24c90000, 0x24d10000)
 tenured generation   total 10944K, used 9792K [0x29d10000, 0x2a7c0000, 0x347c0000)
   the space 10944K,  89% used [0x29d10000, 0x2a6a01f0, 0x2a6a0200, 0x2a7c0000)
 compacting perm gen  total 12288K, used 2452K [0x347c0000, 0x353c0000, 0x387c0000)
   the space 12288K,  19% used [0x347c0000, 0x34a25068, 0x34a25200, 0x353c0000)
    ro space 10240K,  45% used [0x387c0000, 0x38c43958, 0x38c43a00, 0x391c0000)
    rw space 12288K,  54% used [0x391c0000, 0x39847498, 0x39847600, 0x39dc0000)
}
Event: 6.536 GC heap before
{Heap before GC invocations=4 (full 0):
 def new generation   total 4928K, used 4419K [0x247c0000, 0x24d10000, 0x29d10000)
  eden space 4416K,  99% used [0x247c0000, 0x24c0a950, 0x24c10000)
  from space 512K,   4% used [0x24c10000, 0x24c16448, 0x24c90000)
  to   space 512K,   0% used [0x24c90000, 0x24c90000, 0x24d10000)
 tenured generation   total 10944K, used 9792K [0x29d10000, 0x2a7c0000, 0x347c0000)
   the space 10944K,  89% used [0x29d10000, 0x2a6a01f0, 0x2a6a0200, 0x2a7c0000)
 compacting perm gen  total 12288K, used 2452K [0x347c0000, 0x353c0000, 0x387c0000)
   the space 12288K,  19% used [0x347c0000, 0x34a25068, 0x34a25200, 0x353c0000)
    ro space 10240K,  45% used [0x387c0000, 0x38c43958, 0x38c43a00, 0x391c0000)
    rw space 12288K,  54% used [0x391c0000, 0x39847498, 0x39847600, 0x39dc0000)
Event: 6.555 GC heap after
Heap after GC invocations=5 (full 1):
 def new generation   total 10496K, used 0K [0x247c0000, 0x25320000, 0x29d10000)
  eden space 9344K,   0% used [0x247c0000, 0x247c0000, 0x250e0000)
  from space 1152K,   0% used [0x250e0000, 0x250e0000, 0x25200000)
  to   space 1152K,   0% used [0x25200000, 0x25200000, 0x25320000)
 tenured generation   total 23192K, used 13913K [0x29d10000, 0x2b3b6000, 0x347c0000)
   the space 23192K,  59% used [0x29d10000, 0x2aaa67f8, 0x2aaa6800, 0x2b3b6000)
 compacting perm gen  total 12288K, used 2452K [0x347c0000, 0x353c0000, 0x387c0000)
   the space 12288K,  19% used [0x347c0000, 0x34a25068, 0x34a25200, 0x353c0000)
    ro space 10240K,  45% used [0x387c0000, 0x38c43958, 0x38c43a00, 0x391c0000)
    rw space 12288K,  54% used [0x391c0000, 0x39847498, 0x39847600, 0x39dc0000)
}
Event: 6.599 GC heap before
{Heap before GC invocations=5 (full 1):
 def new generation   total 10496K, used 8985K [0x247c0000, 0x25320000, 0x29d10000)
  eden space 9344K,  96% used [0x247c0000, 0x25086790, 0x250e0000)
  from space 1152K,   0% used [0x250e0000, 0x250e0000, 0x25200000)
  to   space 1152K,   0% used [0x25200000, 0x25200000, 0x25320000)
 tenured generation   total 23192K, used 13913K [0x29d10000, 0x2b3b6000, 0x347c0000)
   the space 23192K,  59% used [0x29d10000, 0x2aaa67f8, 0x2aaa6800, 0x2b3b6000)
 compacting perm gen  total 12288K, used 2452K [0x347c0000, 0x353c0000, 0x387c0000)
   the space 12288K,  19% used [0x347c0000, 0x34a25068, 0x34a25200, 0x353c0000)
    ro space 10240K,  45% used [0x387c0000, 0x38c43958, 0x38c43a00, 0x391c0000)
    rw space 12288K,  54% used [0x391c0000, 0x39847498, 0x39847600, 0x39dc0000)
Event: 6.604 GC heap after
Heap after GC invocations=6 (full 1):
 def new generation   total 10496K, used 1047K [0x247c0000, 0x25320000, 0x29d10000)
  eden space 9344K,   0% used [0x247c0000, 0x247c0000, 0x250e0000)
  from space 1152K,  90% used [0x25200000, 0x25305d10, 0x25320000)
  to   space 1152K,   0% used [0x250e0000, 0x250e0000, 0x25200000)
 tenured generation   total 23192K, used 21082K [0x29d10000, 0x2b3b6000, 0x347c0000)
   the space 23192K,  90% used [0x29d10000, 0x2b1a68d8, 0x2b1a6a00, 0x2b3b6000)
 compacting perm gen  total 12288K, used 2452K [0x347c0000, 0x353c0000, 0x387c0000)
   the space 12288K,  19% used [0x347c0000, 0x34a25068, 0x34a25200, 0x353c0000)
    ro space 10240K,  45% used [0x387c0000, 0x38c43958, 0x38c43a00, 0x391c0000)
    rw space 12288K,  54% used [0x391c0000, 0x39847498, 0x39847600, 0x39dc0000)
}
Event: 6.649 GC heap before
{Heap before GC invocations=6 (full 1):
 def new generation   total 10496K, used 10384K [0x247c0000, 0x25320000, 0x29d10000)
  eden space 9344K,  99% used [0x247c0000, 0x250de478, 0x250e0000)
  from space 1152K,  90% used [0x25200000, 0x25305d10, 0x25320000)
  to   space 1152K,   0% used [0x250e0000, 0x250e0000, 0x25200000)
 tenured generation   total 23192K, used 21082K [0x29d10000, 0x2b3b6000, 0x347c0000)
   the space 23192K,  90% used [0x29d10000, 0x2b1a68d8, 0x2b1a6a00, 0x2b3b6000)
 compacting perm gen  total 12288K, used 2452K [0x347c0000, 0x353c0000, 0x387c0000)
   the space 12288K,  19% used [0x347c0000, 0x34a25088, 0x34a25200, 0x353c0000)
    ro space 10240K,  45% used [0x387c0000, 0x38c43958, 0x38c43a00, 0x391c0000)
    rw space 12288K,  54% used [0x391c0000, 0x39847498, 0x39847600, 0x39dc0000)
Event: 6.672 GC heap after
Heap after GC invocations=7 (full 2):
 def new generation   total 22464K, used 1028K [0x247c0000, 0x26010000, 0x29d10000)
  eden space 20032K,   5% used [0x247c0000, 0x248c10c0, 0x25b50000)
  from space 2432K,   0% used [0x25b50000, 0x25b50000, 0x25db0000)
  to   space 2432K,   0% used [0x25db0000, 0x25db0000, 0x26010000)
 tenured generation   total 49680K, used 29806K [0x29d10000, 0x2cd94000, 0x347c0000)
   the space 49680K,  59% used [0x29d10000, 0x2ba2bba8, 0x2ba2bc00, 0x2cd94000)
 compacting perm gen  total 12288K, used 2452K [0x347c0000, 0x353c0000, 0x387c0000)
   the space 12288K,  19% used [0x347c0000, 0x34a25088, 0x34a25200, 0x353c0000)
    ro space 10240K,  45% used [0x387c0000, 0x38c43958, 0x38c43a00, 0x391c0000)
    rw space 12288K,  54% used [0x391c0000, 0x39847498, 0x39847600, 0x39dc0000)
}
Event: 12.405 GC heap before
{Heap before GC invocations=7 (full 2):
 def new generation   total 22464K, used 19948K [0x247c0000, 0x26010000, 0x29d10000)
  eden space 20032K,  99% used [0x247c0000, 0x25b3b0f0, 0x25b50000)
  from space 2432K,   0% used [0x25b50000, 0x25b50000, 0x25db0000)
  to   space 2432K,   0% used [0x25db0000, 0x25db0000, 0x26010000)
 tenured generation   total 49680K, used 29806K [0x29d10000, 0x2cd94000, 0x347c0000)
   the space 49680K,  59% used [0x29d10000, 0x2ba2bba8, 0x2ba2bc00, 0x2cd94000)
 compacting perm gen  total 12288K, used 3587K [0x347c0000, 0x353c0000, 0x387c0000)
   the space 12288K,  29% used [0x347c0000, 0x34b40c90, 0x34b40e00, 0x353c0000)
    ro space 10240K,  45% used [0x387c0000, 0x38c43958, 0x38c43a00, 0x391c0000)
    rw space 12288K,  54% used [0x391c0000, 0x39847498, 0x39847600, 0x39dc0000)
Event: 12.417 GC heap after
Heap after GC invocations=8 (full 2):
 def new generation   total 22464K, used 2432K [0x247c0000, 0x26010000, 0x29d10000)
  eden space 20032K,   0% used [0x247c0000, 0x247c0000, 0x25b50000)
  from space 2432K, 100% used [0x25db0000, 0x26010000, 0x26010000)
  to   space 2432K,   0% used [0x25b50000, 0x25b50000, 0x25db0000)
 tenured generation   total 49680K, used 39517K [0x29d10000, 0x2cd94000, 0x347c0000)
   the space 49680K,  79% used [0x29d10000, 0x2c3a77f8, 0x2c3a7800, 0x2cd94000)
 compacting perm gen  total 12288K, used 3587K [0x347c0000, 0x353c0000, 0x387c0000)
   the space 12288K,  29% used [0x347c0000, 0x34b40c90, 0x34b40e00, 0x353c0000)
    ro space 10240K,  45% used [0x387c0000, 0x38c43958, 0x38c43a00, 0x391c0000)
    rw space 12288K,  54% used [0x391c0000, 0x39847498, 0x39847600, 0x39dc0000)
}

Deoptimization events (0 events):
No events

Internal exceptions (10 events):
Event: 10.915 Thread 0x04f91c00 Threw 0x2561a9c0 at C:\jdk7u2_32P\jdk7u4\hotspot\src\share\vm\prims\jvm.cpp:1166
Event: 10.923 Thread 0x04f91c00 Threw 0x25782050 at C:\jdk7u2_32P\jdk7u4\hotspot\src\share\vm\prims\jvm.cpp:1166
Event: 10.924 Thread 0x04f91c00 Threw 0x25787cb8 at C:\jdk7u2_32P\jdk7u4\hotspot\src\share\vm\prims\jvm.cpp:1166
Event: 10.924 Thread 0x04f91c00 Threw 0x2578cb98 at C:\jdk7u2_32P\jdk7u4\hotspot\src\share\vm\prims\jvm.cpp:1166
Event: 10.925 Thread 0x04f91c00 Threw 0x257920a0 at C:\jdk7u2_32P\jdk7u4\hotspot\src\share\vm\prims\jvm.cpp:1166
Event: 11.056 Thread 0x04f91c00 Threw 0x25796010 at C:\jdk7u2_32P\jdk7u4\hotspot\src\share\vm\prims\jvm.cpp:1166
Event: 11.187 Thread 0x04f91c00 Threw 0x2579c970 at C:\jdk7u2_32P\jdk7u4\hotspot\src\share\vm\prims\jvm.cpp:1166
Event: 11.187 Thread 0x04f91c00 Threw 0x2579f708 at C:\jdk7u2_32P\jdk7u4\hotspot\src\share\vm\prims\jvm.cpp:1166
Event: 11.267 Thread 0x04f91c00 Threw 0x257c7a78 at C:\jdk7u2_32P\jdk7u4\hotspot\src\share\vm\prims\jvm.cpp:1166
Event: 11.272 Thread 0x04f91c00 Threw 0x258b29d8 at C:\jdk7u2_32P\jdk7u4\hotspot\src\share\vm\prims\jvm.cpp:1166

Events (10 events):
Event: 14.893 Thread 0x04ea0400 Thread added: 0x04ea0400
Event: 14.894 Thread 0x04ea0800 Thread added: 0x04ea0800
Event: 14.894 Thread 0x04ea1000 Thread added: 0x04ea1000
Event: 14.894 Thread 0x04ea1400 Thread added: 0x04ea1400
Event: 14.895 Thread 0x04ea0400 Thread exited: 0x04ea0400
Event: 14.895 Thread 0x04ea0800 Thread exited: 0x04ea0800
Event: 14.895 Thread 0x04ea1000 Thread exited: 0x04ea1000
Event: 14.895 Thread 0x04ea1400 Thread exited: 0x04ea1400
Event: 15.906 Executing VM operation: RevokeBias
Event: 15.906 Executing VM operation: RevokeBias done


Dynamic libraries:
0x01370000 - 0x0139f000 	C:\Program Files (x86)\Java\jdk1.7.0_04\bin\java.exe
0x778d0000 - 0x77a50000 	C:\Windows\SysWOW64\ntdll.dll
0x76980000 - 0x76a90000 	C:\Windows\syswow64\kernel32.dll
0x751f0000 - 0x75237000 	C:\Windows\syswow64\KERNELBASE.dll
0x76ef0000 - 0x76f90000 	C:\Windows\syswow64\ADVAPI32.dll
0x75130000 - 0x751dc000 	C:\Windows\syswow64\msvcrt.dll
0x75ab0000 - 0x75ac9000 	C:\Windows\SysWOW64\sechost.dll
0x75b10000 - 0x75c00000 	C:\Windows\syswow64\RPCRT4.dll
0x74fb0000 - 0x75010000 	C:\Windows\syswow64\SspiCli.dll
0x74fa0000 - 0x74fac000 	C:\Windows\syswow64\CRYPTBASE.dll
0x75240000 - 0x75340000 	C:\Windows\syswow64\USER32.dll
0x76be0000 - 0x76c70000 	C:\Windows\syswow64\GDI32.dll
0x75aa0000 - 0x75aaa000 	C:\Windows\syswow64\LPK.dll
0x76850000 - 0x768ed000 	C:\Windows\syswow64\USP10.dll
0x73820000 - 0x739be000 	C:\Windows\WinSxS\x86_microsoft.windows.common-controls_6595b64144ccf1df_6.0.7601.17514_none_41e6975e2bd6f2b2\COMCTL32.dll
0x76b80000 - 0x76bd7000 	C:\Windows\syswow64\SHLWAPI.dll
0x75980000 - 0x759e0000 	C:\Windows\system32\IMM32.DLL
0x75510000 - 0x755dc000 	C:\Windows\syswow64\MSCTF.dll
0x10000000 - 0x10008000 	C:\Windows\KATRACK.DLL
0x74de0000 - 0x74e26000 	C:\PROGRA~2\Sophos\SOPHOS~1\SOPHOS~1.DLL
0x751e0000 - 0x751e5000 	C:\Windows\syswow64\PSAPI.DLL
0x65ca0000 - 0x65d5e000 	C:\Program Files (x86)\Java\jdk1.7.0_04\jre\bin\msvcr100.dll
0x644b0000 - 0x647fa000 	C:\Program Files (x86)\Java\jdk1.7.0_04\jre\bin\client\jvm.dll
0x6de20000 - 0x6de27000 	C:\Windows\system32\WSOCK32.dll
0x75ad0000 - 0x75b05000 	C:\Windows\syswow64\WS2_32.dll
0x76940000 - 0x76946000 	C:\Windows\syswow64\NSI.dll
0x739c0000 - 0x739f2000 	C:\Windows\system32\WINMM.dll
0x66ae0000 - 0x66aec000 	C:\Program Files (x86)\Java\jdk1.7.0_04\jre\bin\verify.dll
0x66a30000 - 0x66a50000 	C:\Program Files (x86)\Java\jdk1.7.0_04\jre\bin\java.dll
0x66a10000 - 0x66a23000 	C:\Program Files (x86)\Java\jdk1.7.0_04\jre\bin\zip.dll
0x65da0000 - 0x65e1d000 	C:\Users\barry05\Documents\Visual Studio 2010\Projects\bin\win32\Release\cuda_gauss_tracker.dll
0x65c50000 - 0x65c91000 	C:\Program Files\NVIDIA GPU Computing Toolkit\CUDA\v6.0\bin\cudart32_60.dll
0x77c80000 - 0x77ff9000 	C:\Users\barry05\OpenCV\binaries\bin\Release\opencv_core240.dll
0x049e0000 - 0x04a53000 	C:\ProgramData\NVIDIA Corporation\NVIDIA GPU Computing SDK 4.2\C\common\bin\cudart32_42_9.dll
0x050a0000 - 0x080f3000 	C:\ProgramData\NVIDIA Corporation\NVIDIA GPU Computing SDK 4.2\C\common\bin\npp32_42_9.dll
0x6ced0000 - 0x6cf39000 	C:\Windows\system32\MSVCP100.dll
0x65440000 - 0x65678000 	C:\Users\barry05\OpenCV\binaries\bin\Release\opencv_imgproc240.dll
0x65330000 - 0x65435000 	C:\Users\barry05\OpenCV\binaries\bin\Release\opencv_highgui240.dll
0x76c70000 - 0x76dcc000 	C:\Windows\syswow64\ole32.dll
0x76af0000 - 0x76b7f000 	C:\Windows\syswow64\OLEAUT32.dll
0x66930000 - 0x66949000 	C:\Windows\system32\AVIFIL32.dll
0x66af0000 - 0x66b04000 	C:\Windows\system32\MSACM32.dll
0x65d70000 - 0x65d91000 	C:\Windows\system32\MSVFW32.dll
0x75c00000 - 0x7684b000 	C:\Windows\syswow64\SHELL32.dll
0x66910000 - 0x66923000 	C:\Windows\system32\AVICAP32.dll
0x74e90000 - 0x74e99000 	C:\Windows\system32\VERSION.dll
0x64360000 - 0x644a2000 	C:\Program Files (x86)\Java\jdk1.7.0_04\jre\bin\awt.dll
0x6de00000 - 0x6de13000 	C:\Windows\system32\DWMAPI.DLL
0x6c8e0000 - 0x6c964000 	C:\Windows\WinSxS\x86_microsoft.windows.common-controls_6595b64144ccf1df_5.82.7601.18201_none_ec80f00e8593ece5\comctl32.dll
0x65c20000 - 0x65c4a000 	C:\Program Files (x86)\Java\jdk1.7.0_04\jre\bin\fontmanager.dll
0x55940000 - 0x55b03000 	C:\Windows\system32\d3d9.dll
0x55930000 - 0x55936000 	C:\Windows\system32\d3d8thk.dll
0x61f90000 - 0x62d5e000 	C:\Windows\system32\nvd3dum.dll
0x41110000 - 0x41135000 	C:\Windows\system32\powrprof.dll
0x75610000 - 0x757ad000 	C:\Windows\syswow64\SETUPAPI.dll
0x755e0000 - 0x75607000 	C:\Windows\syswow64\CFGMGR32.dll
0x757b0000 - 0x757c2000 	C:\Windows\syswow64\DEVOBJ.dll
0x699d0000 - 0x69b09000 	C:\Program Files (x86)\NVIDIA Corporation\3D Vision\nvSCPAPI.dll
0x65c00000 - 0x65c14000 	C:\Program Files (x86)\Java\jdk1.7.0_04\jre\bin\net.dll
0x73030000 - 0x73052000 	C:\ProgramData\Sophos\Web Intelligence\swi_ifslsp.dll
0x72ff0000 - 0x7302c000 	C:\Windows\system32\mswsock.dll
0x6e600000 - 0x6e606000 	C:\Windows\System32\wship6.dll
0x69850000 - 0x6985f000 	C:\Program Files (x86)\Java\jdk1.7.0_04\jre\bin\nio.dll
0x61060000 - 0x61091000 	C:\Program Files (x86)\Java\jdk1.7.0_04\jre\bin\t2k.dll
0x75a10000 - 0x75a93000 	C:\Windows\syswow64\CLBCatQ.DLL
0x6cd80000 - 0x6ce75000 	C:\Windows\system32\propsys.dll
0x74db0000 - 0x74dd1000 	C:\Windows\system32\ntmarta.dll
0x768f0000 - 0x76935000 	C:\Windows\syswow64\WLDAP32.dll
0x6e4a0000 - 0x6e4ec000 	C:\Windows\system32\apphelp.dll
0x69530000 - 0x696c8000 	C:\Windows\system32\NetworkExplorer.dll
0x6aba0000 - 0x6abcf000 	C:\Windows\System32\shdocvw.dll
0x74d70000 - 0x74d7b000 	C:\Windows\system32\profapi.dll
0x6cf40000 - 0x6cf4a000 	C:\Windows\system32\slc.dll
0x73150000 - 0x73162000 	C:\Windows\system32\MPR.dll
0x6ab60000 - 0x6ab68000 	C:\Windows\System32\drprov.dll
0x6db50000 - 0x6db79000 	C:\Windows\System32\WINSTA.dll
0x6a3c0000 - 0x6a3d4000 	C:\Windows\System32\ntlanman.dll
0x6a0e0000 - 0x6a0f9000 	C:\Windows\System32\davclnt.dll
0x6a9e0000 - 0x6a9e8000 	C:\Windows\System32\DAVHLPR.dll
0x74150000 - 0x7415f000 	C:\Windows\system32\wkscli.dll
0x6de30000 - 0x6de3b000 	C:\Windows\system32\cscapi.dll
0x74180000 - 0x74189000 	C:\Windows\system32\netutils.dll
0x50060000 - 0x50298000 	C:\Windows\system32\wpdshext.dll
0x6c200000 - 0x6c390000 	C:\Windows\WinSxS\x86_microsoft.windows.gdiplus_6595b64144ccf1df_1.1.7601.18455_none_72d576ad8665e853\gdiplus.dll
0x69cb0000 - 0x69d39000 	C:\Windows\system32\PortableDeviceApi.dll
0x76950000 - 0x7697e000 	C:\Windows\syswow64\WINTRUST.dll
0x76dd0000 - 0x76ef0000 	C:\Windows\syswow64\CRYPT32.dll
0x778a0000 - 0x778ac000 	C:\Windows\syswow64\MSASN1.dll
0x6a0b0000 - 0x6a0db000 	C:\Windows\system32\PortableDeviceTypes.dll
0x57450000 - 0x5748f000 	C:\Windows\system32\audiodev.dll
0x571e0000 - 0x57447000 	C:\Windows\system32\WMVCore.DLL
0x642d0000 - 0x6430d000 	C:\Windows\system32\WMASF.DLL
0x6c580000 - 0x6c5b1000 	C:\Windows\system32\EhStorShell.dll
0x6a080000 - 0x6a0a2000 	C:\Windows\system32\EhStorAPI.dll
0x6a270000 - 0x6a3a0000 	C:\Windows\system32\WindowsCodecs.dll
0x6cb30000 - 0x6cb53000 	C:\Users\barry05\AppData\Roaming\Dropbox\bin\DropboxExt.24.dll
0x73060000 - 0x7314b000 	C:\Windows\system32\dbghelp.dll
0x74ca0000 - 0x74d2e000 	C:\Windows\WinSxS\x86_microsoft.vc90.crt_1fc8b3b9a1e18e3b_9.0.30729.6161_none_50934f2ebcb7eb57\MSVCP90.dll
0x74bf0000 - 0x74c93000 	C:\Windows\WinSxS\x86_microsoft.vc90.crt_1fc8b3b9a1e18e3b_9.0.30729.6161_none_50934f2ebcb7eb57\MSVCR90.dll
0x6aaf0000 - 0x6ab60000 	C:\Windows\system32\ntshrui.dll
0x74160000 - 0x74179000 	C:\Windows\system32\srvcli.dll
0x571b0000 - 0x571d4000 	C:\Program Files (x86)\Java\jdk1.7.0_04\jre\bin\dcpr.dll

VM Arguments:
jvm_args: -Dfile.encoding=UTF-8 -Djava.library.path=C:\Users\barry05\Documents\Visual Studio 2010\Projects\bin\win32\Release 
java_command: ParticleTracking.Timelapse_Analysis
Launcher Type: SUN_STANDARD

Environment Variables:
CLASSPATH=.;C:\Program Files\Java\jdk1.7.0_04\lib\tools.jar;C:\Program Files (x86)\QuickTime\QTSystem\QTJava.zip;C:\Users\barry05\ImageJ\
PATH=C:\Program Files\NVIDIA GPU Computing Toolkit\CUDA\v6.0\bin;C:\Program Files\NVIDIA GPU Computing Toolkit\CUDA\v6.0\libnvvp;C:\Program Files (x86)\DNASTAR\SeqMan NGen 4;C:\Program Files (x86)\DNASTAR\Lasergene 10;C:\Program Files\ImageMagick-6.7.8-Q16;C:\Program Files\NVIDIA GPU Computing Toolkit\CUDA\v4.1\bin;C:\Program Files\NVIDIA GPU Computing Toolkit\CUDA\v4.1\libnvvp\;C:\Windows\system32;C:\Windows;C:\Windows\System32\Wbem;C:\Windows\System32\WindowsPowerShell\v1.0\;C:\Program Files (x86)\CMake 2.8\bin;C:\Program Files (x86)\MiKTeX 2.9\miktex\bin\;C:\Program Files\MATLAB\R2012a\bin;c:\Program Files (x86)\Microsoft SQL Server\100\Tools\Binn\;c:\Program Files\Microsoft SQL Server\100\Tools\Binn\;c:\Program Files\Microsoft SQL Server\100\DTS\Binn\;C:\Users\barry05\OpenCV\binaries\bin\Release;C:\Users\barry05\OpenCV\binaries\bin\Debug;C:\ProgramData\NVIDIA Corporation\NVIDIA GPU Computing SDK 4.2\C\common\bin;C:\ProgramData\NVIDIA Corporation\NVIDIA GPU Computing SDK 4.1\C\common\bin;C:\Program Files\Mercurial\;C:\VTKBuild\bin\Debug;C:\Program Files\doxygen\bin;C:\Program Files\TortoiseHg\;C:\Program Files (x86)\boost_1_50_0\;C:\Users\barry05\Documents\Visual Studio 2010\Projects\bin\win32\Release\;C:\Program Files (x86)\QuickTime\QTSystem\;C:\Windows\System32\WindowsPowerShell\v1.0\;C:\Windows\System32\WindowsPowerShell\v1.0\;C:\Program Files (x86)\Java\jdk1.7.0_04\bin\;C:\Strawberry\perl\bin;C:\Strawberry\perl\site\bin;C:\Strawberry\c\bin;C:\Qt\5.2.1\mingw48_32\bin
USERNAME=barry05
OS=Windows_NT
PROCESSOR_IDENTIFIER=Intel64 Family 6 Model 26 Stepping 5, GenuineIntel



---------------  S Y S T E M  ---------------

OS: Windows 7 , 64 bit Build 7601 Service Pack 1

CPU:total 4 (4 cores per cpu, 2 threads per core) family 6 model 26 stepping 5, cmov, cx8, fxsr, mmx, sse, sse2, sse3, ssse3, sse4.1, sse4.2, popcnt, ht, tsc, tscinvbit, tscinv

Memory: 4k page, physical 8371428k(4114128k free), swap 16741000k(11708204k free)

vm_info: Java HotSpot(TM) Client VM (23.0-b21) for windows-x86 JRE (1.7.0_04-b22), built on May  3 2012 00:03:48 by "java_re" with unknown MS VC++:1600

time: Mon Aug 11 16:41:08 2014
elapsed time: 17 seconds

