#
# A fatal error has been detected by the Java Runtime Environment:
#
#  EXCEPTION_ACCESS_VIOLATION (0xc0000005) at pc=0x6547599a, pid=10036, tid=10812
#
# JRE version: 7.0_04-b22
# Java VM: Java HotSpot(TM) Client VM (23.0-b21 mixed mode, sharing windows-x86 )
# Problematic frame:
# V  [jvm.dll+0xa599a]
#
# Failed to write core dump. Minidumps are not enabled by default on client versions of Windows
#
# If you would like to submit a bug report, please visit:
#   http://bugreport.sun.com/bugreport/crash.jsp
#

---------------  T H R E A D  ---------------

Current thread (0x04f25800):  JavaThread "AWT-EventQueue-0" [_thread_in_vm, id=10812, stack(0x08aa0000,0x08af0000)]

siginfo: ExceptionCode=0xc0000005, reading address 0x00000000

Registers:
EAX=0x00000000, EBX=0x347e19f8, ECX=0x00000000, EDX=0x65475940
ESP=0x08aedb24, EBP=0x08aedb3c, ESI=0x04f25928, EDI=0x04f25800
EIP=0x6547599a, EFLAGS=0x00010246

Top of Stack: (sp=0x08aedb24)
0x08aedb24:   347e19f8 04f25800 04f25800 00000000
0x08aedb34:   04f25800 00000006 08aedb58 66a31339
0x08aedb44:   04f25928 00000000 00000000 347e19f8
0x08aedb54:   347e19f8 08aedbb8 0280a707 04f25928
0x08aedb64:   08aedbe8 00000000 08aedbe0 4305553f
0x08aedb74:   3f87f175 3f7d70a4 3f733333 00000000
0x08aedb84:   00000000 08aedbe4 0280ffd1 00f3b43c
0x08aedb94:   00f3b43c 08aedb98 347e19f8 08aedbe8 

Instructions: (pc=0x6547599a)
0x6547597a:   ff 83 c4 08 83 7f 04 00 89 7d f0 c7 45 f4 00 00
0x6547598a:   00 00 74 08 8d 4d f0 e8 4a 67 0c 00 8b 45 0c 53
0x6547599a:   8b 18 56 53 e8 6d ab f7 ff 8d 70 01 56 e8 d4 a3
0x654759aa:   08 00 83 c4 08 89 45 08 85 c0 75 19 68 3c a3 65 


Register to memory mapping:

EAX=0x00000000 is an unknown value
EBX=0x347e19f8 is an oop
{method} 
 - klass: {other class}
ECX=0x00000000 is an unknown value
EDX=0x65475940 is an unknown value
ESP=0x08aedb24 is pointing into the stack for thread: 0x04f25800
EBP=0x08aedb3c is pointing into the stack for thread: 0x04f25800
ESI=0x04f25928 is an unknown value
EDI=0x04f25800 is a thread


Stack: [0x08aa0000,0x08af0000],  sp=0x08aedb24,  free space=310k
Native frames: (J=compiled Java code, j=interpreted, Vv=VM code, C=native code)
V  [jvm.dll+0xa599a]
C  [cuda_gauss_tracker.dll+0x1339]  Java_ParticleTracking_Timelapse_1Analysis_cudaGaussFitter+0x19
j  ParticleTracking.Timelapse_Analysis.cudaGaussFitter(Ljava/lang/String;Ljava/lang/String;FFFFII)Z+0
j  ParticleTracking.Timelapse_Analysis.cudaFindParticles(DZIIDLij/ImageStack;Z)LParticleTracking/ParticleArray;+33
j  ui.UserInterface.viewDetections()V+56
j  ui.UserInterface.previewScrollBarAdjustmentValueChanged(Ljava/awt/event/AdjustmentEvent;)V+36
j  ui.UserInterface.previewToggleButtonActionPerformed(Ljava/awt/event/ActionEvent;)V+30
j  ui.UserInterface.access$100(Lui/UserInterface;Ljava/awt/event/ActionEvent;)V+2
j  ui.UserInterface$2.actionPerformed(Ljava/awt/event/ActionEvent;)V+5
j  javax.swing.AbstractButton.fireActionPerformed(Ljava/awt/event/ActionEvent;)V+84
j  javax.swing.AbstractButton$Handler.actionPerformed(Ljava/awt/event/ActionEvent;)V+5
j  javax.swing.DefaultButtonModel.fireActionPerformed(Ljava/awt/event/ActionEvent;)V+35
j  javax.swing.JToggleButton$ToggleButtonModel.setPressed(Z)V+148
j  javax.swing.plaf.basic.BasicButtonListener.mouseReleased(Ljava/awt/event/MouseEvent;)V+35
j  java.awt.Component.processMouseEvent(Ljava/awt/event/MouseEvent;)V+64
j  javax.swing.JComponent.processMouseEvent(Ljava/awt/event/MouseEvent;)V+23
j  java.awt.Component.processEvent(Ljava/awt/AWTEvent;)V+81
j  java.awt.Container.processEvent(Ljava/awt/AWTEvent;)V+18
j  java.awt.Component.dispatchEventImpl(Ljava/awt/AWTEvent;)V+581
j  java.awt.Container.dispatchEventImpl(Ljava/awt/AWTEvent;)V+42
J  java.awt.LightweightDispatcher.retargetMouseEvent(Ljava/awt/Component;ILjava/awt/event/MouseEvent;)V
j  java.awt.LightweightDispatcher.dispatchEvent(Ljava/awt/AWTEvent;)Z+50
j  java.awt.Container.dispatchEventImpl(Ljava/awt/AWTEvent;)V+12
j  java.awt.Window.dispatchEventImpl(Ljava/awt/AWTEvent;)V+19
j  java.awt.Component.dispatchEvent(Ljava/awt/AWTEvent;)V+2
j  java.awt.EventQueue.dispatchEventImpl(Ljava/awt/AWTEvent;Ljava/lang/Object;)V+41
j  java.awt.EventQueue.access$000(Ljava/awt/EventQueue;Ljava/awt/AWTEvent;Ljava/lang/Object;)V+3
j  java.awt.EventQueue$3.run()Ljava/lang/Void;+12
j  java.awt.EventQueue$3.run()Ljava/lang/Object;+1
v  ~StubRoutines::call_stub
V  [jvm.dll+0x1296da]
V  [jvm.dll+0x1d837e]
V  [jvm.dll+0x12975d]
V  [jvm.dll+0xd914a]
C  [java.dll+0x102f]  Java_java_security_AccessController_doPrivileged__Ljava_security_PrivilegedAction_2Ljava_security_AccessControlContext_2+0x17
J  java.security.ProtectionDomain$1.doIntersectionPrivilege(Ljava/security/PrivilegedAction;Ljava/security/AccessControlContext;Ljava/security/AccessControlContext;)Ljava/lang/Object;
j  java.awt.EventQueue$4.run()Ljava/lang/Void;+11
j  java.awt.EventQueue$4.run()Ljava/lang/Object;+1
v  ~StubRoutines::call_stub
V  [jvm.dll+0x1296da]
V  [jvm.dll+0x1d837e]
V  [jvm.dll+0x12975d]
V  [jvm.dll+0xd914a]
C  [java.dll+0x102f]  Java_java_security_AccessController_doPrivileged__Ljava_security_PrivilegedAction_2Ljava_security_AccessControlContext_2+0x17
J  java.security.ProtectionDomain$1.doIntersectionPrivilege(Ljava/security/PrivilegedAction;Ljava/security/AccessControlContext;Ljava/security/AccessControlContext;)Ljava/lang/Object;
J  java.awt.EventDispatchThread.pumpOneEventForFilters(I)V
j  java.awt.EventDispatchThread.pumpEventsForFilter(Ljava/awt/Conditional;Ljava/awt/EventFilter;)V+4
j  java.awt.WaitDispatchSupport$2.run()V+59
j  java.awt.event.InvocationEvent.dispatch()V+47
j  java.awt.EventQueue.dispatchEventImpl(Ljava/awt/AWTEvent;Ljava/lang/Object;)V+21
j  java.awt.EventQueue.access$000(Ljava/awt/EventQueue;Ljava/awt/AWTEvent;Ljava/lang/Object;)V+3
j  java.awt.EventQueue$3.run()Ljava/lang/Void;+12
j  java.awt.EventQueue$3.run()Ljava/lang/Object;+1
v  ~StubRoutines::call_stub
V  [jvm.dll+0x1296da]
V  [jvm.dll+0x1d837e]
V  [jvm.dll+0x12975d]
V  [jvm.dll+0xd914a]
C  [java.dll+0x102f]  Java_java_security_AccessController_doPrivileged__Ljava_security_PrivilegedAction_2Ljava_security_AccessControlContext_2+0x17
j  java.security.ProtectionDomain$1.doIntersectionPrivilege(Ljava/security/PrivilegedAction;Ljava/security/AccessControlContext;Ljava/security/AccessControlContext;)Ljava/lang/Object;+28
j  java.awt.EventQueue.dispatchEvent(Ljava/awt/AWTEvent;)V+46
J  java.awt.EventDispatchThread.pumpOneEventForFilters(I)V
j  java.awt.EventDispatchThread.pumpEventsForHierarchy(ILjava/awt/Conditional;Ljava/awt/Component;)V+11
j  java.awt.EventDispatchThread.pumpEvents(ILjava/awt/Conditional;)V+4
j  java.awt.EventDispatchThread.pumpEvents(Ljava/awt/Conditional;)V+3
j  java.awt.EventDispatchThread.run()V+9
v  ~StubRoutines::call_stub
V  [jvm.dll+0x1296da]
V  [jvm.dll+0x1d837e]
V  [jvm.dll+0x1298c3]
V  [jvm.dll+0x129927]
V  [jvm.dll+0xd24af]
V  [jvm.dll+0x149987]
V  [jvm.dll+0x149af0]
V  [jvm.dll+0x17df89]
C  [msvcr100.dll+0x5c6de]  endthreadex+0x3a
C  [msvcr100.dll+0x5c788]  endthreadex+0xe4
C  [kernel32.dll+0x1338a]  BaseThreadInitThunk+0x12
C  [ntdll.dll+0x3bf32]  RtlInitializeExceptionChain+0x63
C  [ntdll.dll+0x3bf05]  RtlInitializeExceptionChain+0x36

Java frames: (J=compiled Java code, j=interpreted, Vv=VM code)
j  ParticleTracking.Timelapse_Analysis.cudaGaussFitter(Ljava/lang/String;Ljava/lang/String;FFFFII)Z+0
j  ParticleTracking.Timelapse_Analysis.cudaFindParticles(DZIIDLij/ImageStack;Z)LParticleTracking/ParticleArray;+33
j  ui.UserInterface.viewDetections()V+56
j  ui.UserInterface.previewScrollBarAdjustmentValueChanged(Ljava/awt/event/AdjustmentEvent;)V+36
j  ui.UserInterface.previewToggleButtonActionPerformed(Ljava/awt/event/ActionEvent;)V+30
j  ui.UserInterface.access$100(Lui/UserInterface;Ljava/awt/event/ActionEvent;)V+2
j  ui.UserInterface$2.actionPerformed(Ljava/awt/event/ActionEvent;)V+5
j  javax.swing.AbstractButton.fireActionPerformed(Ljava/awt/event/ActionEvent;)V+84
j  javax.swing.AbstractButton$Handler.actionPerformed(Ljava/awt/event/ActionEvent;)V+5
j  javax.swing.DefaultButtonModel.fireActionPerformed(Ljava/awt/event/ActionEvent;)V+35
j  javax.swing.JToggleButton$ToggleButtonModel.setPressed(Z)V+148
j  javax.swing.plaf.basic.BasicButtonListener.mouseReleased(Ljava/awt/event/MouseEvent;)V+35
j  java.awt.Component.processMouseEvent(Ljava/awt/event/MouseEvent;)V+64
j  javax.swing.JComponent.processMouseEvent(Ljava/awt/event/MouseEvent;)V+23
j  java.awt.Component.processEvent(Ljava/awt/AWTEvent;)V+81
j  java.awt.Container.processEvent(Ljava/awt/AWTEvent;)V+18
j  java.awt.Component.dispatchEventImpl(Ljava/awt/AWTEvent;)V+581
j  java.awt.Container.dispatchEventImpl(Ljava/awt/AWTEvent;)V+42
J  java.awt.LightweightDispatcher.retargetMouseEvent(Ljava/awt/Component;ILjava/awt/event/MouseEvent;)V
j  java.awt.LightweightDispatcher.processMouseEvent(Ljava/awt/event/MouseEvent;)Z+139
j  java.awt.LightweightDispatcher.dispatchEvent(Ljava/awt/AWTEvent;)Z+50
j  java.awt.Container.dispatchEventImpl(Ljava/awt/AWTEvent;)V+12
j  java.awt.Window.dispatchEventImpl(Ljava/awt/AWTEvent;)V+19
j  java.awt.Component.dispatchEvent(Ljava/awt/AWTEvent;)V+2
j  java.awt.EventQueue.dispatchEventImpl(Ljava/awt/AWTEvent;Ljava/lang/Object;)V+41
j  java.awt.EventQueue.access$000(Ljava/awt/EventQueue;Ljava/awt/AWTEvent;Ljava/lang/Object;)V+3
j  java.awt.EventQueue$3.run()Ljava/lang/Void;+12
j  java.awt.EventQueue$3.run()Ljava/lang/Object;+1
v  ~StubRoutines::call_stub
J  java.security.AccessController.doPrivileged(Ljava/security/PrivilegedAction;Ljava/security/AccessControlContext;)Ljava/lang/Object;
J  java.security.ProtectionDomain$1.doIntersectionPrivilege(Ljava/security/PrivilegedAction;Ljava/security/AccessControlContext;Ljava/security/AccessControlContext;)Ljava/lang/Object;
j  java.security.ProtectionDomain$1.doIntersectionPrivilege(Ljava/security/PrivilegedAction;Ljava/security/AccessControlContext;)Ljava/lang/Object;+6
j  java.awt.EventQueue$4.run()Ljava/lang/Void;+11
j  java.awt.EventQueue$4.run()Ljava/lang/Object;+1
v  ~StubRoutines::call_stub
J  java.security.AccessController.doPrivileged(Ljava/security/PrivilegedAction;Ljava/security/AccessControlContext;)Ljava/lang/Object;
J  java.security.ProtectionDomain$1.doIntersectionPrivilege(Ljava/security/PrivilegedAction;Ljava/security/AccessControlContext;Ljava/security/AccessControlContext;)Ljava/lang/Object;
j  java.awt.EventQueue.dispatchEvent(Ljava/awt/AWTEvent;)V+73
J  java.awt.EventDispatchThread.pumpOneEventForFilters(I)V
j  java.awt.EventDispatchThread.pumpEventsForFilter(ILjava/awt/Conditional;Ljava/awt/EventFilter;)V+48
j  java.awt.EventDispatchThread.pumpEventsForFilter(Ljava/awt/Conditional;Ljava/awt/EventFilter;)V+4
j  java.awt.WaitDispatchSupport$2.run()V+59
j  java.awt.event.InvocationEvent.dispatch()V+47
j  java.awt.EventQueue.dispatchEventImpl(Ljava/awt/AWTEvent;Ljava/lang/Object;)V+21
j  java.awt.EventQueue.access$000(Ljava/awt/EventQueue;Ljava/awt/AWTEvent;Ljava/lang/Object;)V+3
j  java.awt.EventQueue$3.run()Ljava/lang/Void;+12
j  java.awt.EventQueue$3.run()Ljava/lang/Object;+1
v  ~StubRoutines::call_stub
j  java.security.AccessController.doPrivileged(Ljava/security/PrivilegedAction;Ljava/security/AccessControlContext;)Ljava/lang/Object;+0
j  java.security.ProtectionDomain$1.doIntersectionPrivilege(Ljava/security/PrivilegedAction;Ljava/security/AccessControlContext;Ljava/security/AccessControlContext;)Ljava/lang/Object;+28
j  java.awt.EventQueue.dispatchEvent(Ljava/awt/AWTEvent;)V+46
J  java.awt.EventDispatchThread.pumpOneEventForFilters(I)V
j  java.awt.EventDispatchThread.pumpEventsForFilter(ILjava/awt/Conditional;Ljava/awt/EventFilter;)V+48
j  java.awt.EventDispatchThread.pumpEventsForHierarchy(ILjava/awt/Conditional;Ljava/awt/Component;)V+11
j  java.awt.EventDispatchThread.pumpEvents(ILjava/awt/Conditional;)V+4
j  java.awt.EventDispatchThread.pumpEvents(Ljava/awt/Conditional;)V+3
j  java.awt.EventDispatchThread.run()V+9
v  ~StubRoutines::call_stub

---------------  P R O C E S S  ---------------

Java Threads: ( => current thread )
  0x0a905800 JavaThread "TimerQueue" daemon [_thread_blocked, id=11792, stack(0x0b760000,0x0b7b0000)]
  0x0a8edc00 JavaThread "D3D Screen Updater" daemon [_thread_blocked, id=6608, stack(0x0b9a0000,0x0b9f0000)]
  0x04f3a000 JavaThread "Swing-Shell" daemon [_thread_blocked, id=12004, stack(0x08990000,0x089e0000)]
=>0x04f25800 JavaThread "AWT-EventQueue-0" [_thread_in_vm, id=10812, stack(0x08aa0000,0x08af0000)]
  0x04eba400 JavaThread "AWT-Windows" daemon [_thread_in_native, id=10444, stack(0x08840000,0x08890000)]
  0x04eb9c00 JavaThread "AWT-Shutdown" [_thread_blocked, id=10740, stack(0x08460000,0x084b0000)]
  0x04eb7800 JavaThread "Java2D Disposer" daemon [_thread_blocked, id=10400, stack(0x08380000,0x083d0000)]
  0x00f37800 JavaThread "Service Thread" daemon [_thread_blocked, id=11336, stack(0x04950000,0x049a0000)]
  0x00f32400 JavaThread "C1 CompilerThread0" daemon [_thread_blocked, id=11760, stack(0x04d90000,0x04de0000)]
  0x00f31000 JavaThread "Attach Listener" daemon [_thread_blocked, id=9588, stack(0x04cf0000,0x04d40000)]
  0x00f2e000 JavaThread "Signal Dispatcher" daemon [_thread_blocked, id=2172, stack(0x04c00000,0x04c50000)]
  0x00f15000 JavaThread "Finalizer" daemon [_thread_blocked, id=11128, stack(0x04900000,0x04950000)]
  0x00f13800 JavaThread "Reference Handler" daemon [_thread_blocked, id=11068, stack(0x00d60000,0x00db0000)]
  0x00deb800 JavaThread "main" [_thread_blocked, id=11288, stack(0x00e10000,0x00e60000)]

Other Threads:
  0x00f11400 VMThread [stack: 0x049a0000,0x049f0000] [id=12048]
  0x00f4b000 WatcherThread [stack: 0x04d40000,0x04d90000] [id=8080]

VM state:not at safepoint (normal execution)

VM Mutex/Monitor currently owned by a thread: None

Heap
 def new generation   total 21696K, used 16754K [0x247c0000, 0x25f40000, 0x29d10000)
  eden space 19328K,  86% used [0x247c0000, 0x2581cab8, 0x25aa0000)
  from space 2368K,   0% used [0x25aa0000, 0x25aa0000, 0x25cf0000)
  to   space 2368K,   0% used [0x25cf0000, 0x25cf0000, 0x25f40000)
 tenured generation   total 48048K, used 28826K [0x29d10000, 0x2cbfc000, 0x347c0000)
   the space 48048K,  59% used [0x29d10000, 0x2b936b28, 0x2b936c00, 0x2cbfc000)
 compacting perm gen  total 12288K, used 3632K [0x347c0000, 0x353c0000, 0x387c0000)
   the space 12288K,  29% used [0x347c0000, 0x34b4c0f0, 0x34b4c200, 0x353c0000)
    ro space 10240K,  45% used [0x387c0000, 0x38c43958, 0x38c43a00, 0x391c0000)
    rw space 12288K,  54% used [0x391c0000, 0x39847498, 0x39847600, 0x39dc0000)

Code Cache  [0x02800000, 0x02970000, 0x04800000)
 total_blobs=881 nmethods=624 adapters=191 free_code_cache=31316Kb largest_free_block=32067904

Compilation events (10 events):
Event: 13.992 Thread 0x00f32400  618   !         java.awt.EventQueue::postEventPrivate (104 bytes)
Event: 13.992 Thread 0x00f32400 nmethod 618 0x02968148 code [0x029682c0, 0x029684bc]
Event: 13.992 Thread 0x00f32400  619             java.awt.EventQueue::getPriority (78 bytes)
Event: 13.992 Thread 0x00f32400 nmethod 619 0x02968708 code [0x02968810, 0x029689a0]
Event: 13.992 Thread 0x00f32400  620             java.awt.EventQueue::postEvent (172 bytes)
Event: 13.994 Thread 0x00f32400 nmethod 620 0x02968a48 code [0x02968c20, 0x02969180]
Event: 13.994 Thread 0x00f32400  621             java.awt.EventQueue::coalesceEvent (86 bytes)
Event: 13.994 Thread 0x00f32400 nmethod 621 0x02969908 code [0x02969a50, 0x02969d00]
Event: 14.487 Thread 0x00f32400  622             java.awt.MultipleGradientPaintContext::calculateLookupData (318 bytes)
Event: 14.488 Thread 0x00f32400 nmethod 622 0x02969e88 code [0x0296a040, 0x0296a72c]

GC Heap History (10 events):
Event: 7.422 GC heap before
{Heap before GC invocations=2 (full 0):
 def new generation   total 4928K, used 4737K [0x247c0000, 0x24d10000, 0x29d10000)
  eden space 4416K,  95% used [0x247c0000, 0x24be05b0, 0x24c10000)
  from space 512K, 100% used [0x24c10000, 0x24c90000, 0x24c90000)
  to   space 512K,   0% used [0x24c90000, 0x24c90000, 0x24d10000)
 tenured generation   total 10944K, used 1752K [0x29d10000, 0x2a7c0000, 0x347c0000)
   the space 10944K,  16% used [0x29d10000, 0x29ec6388, 0x29ec6400, 0x2a7c0000)
 compacting perm gen  total 12288K, used 3339K [0x347c0000, 0x353c0000, 0x387c0000)
   the space 12288K,  27% used [0x347c0000, 0x34b02f98, 0x34b03000, 0x353c0000)
    ro space 10240K,  45% used [0x387c0000, 0x38c43958, 0x38c43a00, 0x391c0000)
    rw space 12288K,  54% used [0x391c0000, 0x39847498, 0x39847600, 0x39dc0000)
Event: 7.427 GC heap after
Heap after GC invocations=3 (full 0):
 def new generation   total 4928K, used 217K [0x247c0000, 0x24d10000, 0x29d10000)
  eden space 4416K,   0% used [0x247c0000, 0x247c0000, 0x24c10000)
  from space 512K,  42% used [0x24c90000, 0x24cc6670, 0x24d10000)
  to   space 512K,   0% used [0x24c10000, 0x24c10000, 0x24c90000)
 tenured generation   total 10944K, used 5213K [0x29d10000, 0x2a7c0000, 0x347c0000)
   the space 10944K,  47% used [0x29d10000, 0x2a227698, 0x2a227800, 0x2a7c0000)
 compacting perm gen  total 12288K, used 3339K [0x347c0000, 0x353c0000, 0x387c0000)
   the space 12288K,  27% used [0x347c0000, 0x34b02f98, 0x34b03000, 0x353c0000)
    ro space 10240K,  45% used [0x387c0000, 0x38c43958, 0x38c43a00, 0x391c0000)
    rw space 12288K,  54% used [0x391c0000, 0x39847498, 0x39847600, 0x39dc0000)
}
Event: 7.451 GC heap before
{Heap before GC invocations=3 (full 0):
 def new generation   total 4928K, used 4623K [0x247c0000, 0x24d10000, 0x29d10000)
  eden space 4416K,  99% used [0x247c0000, 0x24c0d758, 0x24c10000)
  from space 512K,  42% used [0x24c90000, 0x24cc6670, 0x24d10000)
  to   space 512K,   0% used [0x24c10000, 0x24c10000, 0x24c90000)
 tenured generation   total 10944K, used 5213K [0x29d10000, 0x2a7c0000, 0x347c0000)
   the space 10944K,  47% used [0x29d10000, 0x2a227698, 0x2a227800, 0x2a7c0000)
 compacting perm gen  total 12288K, used 3339K [0x347c0000, 0x353c0000, 0x387c0000)
   the space 12288K,  27% used [0x347c0000, 0x34b02f98, 0x34b03000, 0x353c0000)
    ro space 10240K,  45% used [0x387c0000, 0x38c43958, 0x38c43a00, 0x391c0000)
    rw space 12288K,  54% used [0x391c0000, 0x39847498, 0x39847600, 0x39dc0000)
Event: 7.454 GC heap after
Heap after GC invocations=4 (full 0):
 def new generation   total 4928K, used 39K [0x247c0000, 0x24d10000, 0x29d10000)
  eden space 4416K,   0% used [0x247c0000, 0x247c0000, 0x24c10000)
  from space 512K,   7% used [0x24c10000, 0x24c19f30, 0x24c90000)
  to   space 512K,   0% used [0x24c90000, 0x24c90000, 0x24d10000)
 tenured generation   total 10944K, used 9309K [0x29d10000, 0x2a7c0000, 0x347c0000)
   the space 10944K,  85% used [0x29d10000, 0x2a627718, 0x2a627800, 0x2a7c0000)
 compacting perm gen  total 12288K, used 3339K [0x347c0000, 0x353c0000, 0x387c0000)
   the space 12288K,  27% used [0x347c0000, 0x34b02f98, 0x34b03000, 0x353c0000)
    ro space 10240K,  45% used [0x387c0000, 0x38c43958, 0x38c43a00, 0x391c0000)
    rw space 12288K,  54% used [0x391c0000, 0x39847498, 0x39847600, 0x39dc0000)
}
Event: 7.475 GC heap before
{Heap before GC invocations=4 (full 0):
 def new generation   total 4928K, used 4435K [0x247c0000, 0x24d10000, 0x29d10000)
  eden space 4416K,  99% used [0x247c0000, 0x24c0ae50, 0x24c10000)
  from space 512K,   7% used [0x24c10000, 0x24c19f30, 0x24c90000)
  to   space 512K,   0% used [0x24c90000, 0x24c90000, 0x24d10000)
 tenured generation   total 10944K, used 9309K [0x29d10000, 0x2a7c0000, 0x347c0000)
   the space 10944K,  85% used [0x29d10000, 0x2a627718, 0x2a627800, 0x2a7c0000)
 compacting perm gen  total 12288K, used 3339K [0x347c0000, 0x353c0000, 0x387c0000)
   the space 12288K,  27% used [0x347c0000, 0x34b02f98, 0x34b03000, 0x353c0000)
    ro space 10240K,  45% used [0x387c0000, 0x38c43958, 0x38c43a00, 0x391c0000)
    rw space 12288K,  54% used [0x391c0000, 0x39847498, 0x39847600, 0x39dc0000)
Event: 7.498 GC heap after
Heap after GC invocations=5 (full 1):
 def new generation   total 10176K, used 0K [0x247c0000, 0x252c0000, 0x29d10000)
  eden space 9088K,   0% used [0x247c0000, 0x247c0000, 0x250a0000)
  from space 1088K,   0% used [0x250a0000, 0x250a0000, 0x251b0000)
  to   space 1088K,   0% used [0x251b0000, 0x251b0000, 0x252c0000)
 tenured generation   total 22412K, used 13445K [0x29d10000, 0x2b2f3000, 0x347c0000)
   the space 22412K,  59% used [0x29d10000, 0x2aa317d8, 0x2aa31800, 0x2b2f3000)
 compacting perm gen  total 12288K, used 3339K [0x347c0000, 0x353c0000, 0x387c0000)
   the space 12288K,  27% used [0x347c0000, 0x34b02f98, 0x34b03000, 0x353c0000)
    ro space 10240K,  45% used [0x387c0000, 0x38c43958, 0x38c43a00, 0x391c0000)
    rw space 12288K,  54% used [0x391c0000, 0x39847498, 0x39847600, 0x39dc0000)
}
Event: 7.541 GC heap before
{Heap before GC invocations=5 (full 1):
 def new generation   total 10176K, used 8783K [0x247c0000, 0x252c0000, 0x29d10000)
  eden space 9088K,  96% used [0x247c0000, 0x25053ea0, 0x250a0000)
  from space 1088K,   0% used [0x250a0000, 0x250a0000, 0x251b0000)
  to   space 1088K,   0% used [0x251b0000, 0x251b0000, 0x252c0000)
 tenured generation   total 22412K, used 13445K [0x29d10000, 0x2b2f3000, 0x347c0000)
   the space 22412K,  59% used [0x29d10000, 0x2aa317d8, 0x2aa31800, 0x2b2f3000)
 compacting perm gen  total 12288K, used 3339K [0x347c0000, 0x353c0000, 0x387c0000)
   the space 12288K,  27% used [0x347c0000, 0x34b02f98, 0x34b03000, 0x353c0000)
    ro space 10240K,  45% used [0x387c0000, 0x38c43958, 0x38c43a00, 0x391c0000)
    rw space 12288K,  54% used [0x391c0000, 0x39847498, 0x39847600, 0x39dc0000)
Event: 7.546 GC heap after
Heap after GC invocations=6 (full 1):
 def new generation   total 10176K, used 1047K [0x247c0000, 0x252c0000, 0x29d10000)
  eden space 9088K,   0% used [0x247c0000, 0x247c0000, 0x250a0000)
  from space 1088K,  96% used [0x251b0000, 0x252b5cc0, 0x252c0000)
  to   space 1088K,   0% used [0x250a0000, 0x250a0000, 0x251b0000)
 tenured generation   total 22412K, used 20614K [0x29d10000, 0x2b2f3000, 0x347c0000)
   the space 22412K,  91% used [0x29d10000, 0x2b1318b8, 0x2b131a00, 0x2b2f3000)
 compacting perm gen  total 12288K, used 3339K [0x347c0000, 0x353c0000, 0x387c0000)
   the space 12288K,  27% used [0x347c0000, 0x34b02f98, 0x34b03000, 0x353c0000)
    ro space 10240K,  45% used [0x387c0000, 0x38c43958, 0x38c43a00, 0x391c0000)
    rw space 12288K,  54% used [0x391c0000, 0x39847498, 0x39847600, 0x39dc0000)
}
Event: 7.589 GC heap before
{Heap before GC invocations=6 (full 1):
 def new generation   total 10176K, used 9833K [0x247c0000, 0x252c0000, 0x29d10000)
  eden space 9088K,  96% used [0x247c0000, 0x25054b38, 0x250a0000)
  from space 1088K,  96% used [0x251b0000, 0x252b5cc0, 0x252c0000)
  to   space 1088K,   0% used [0x250a0000, 0x250a0000, 0x251b0000)
 tenured generation   total 22412K, used 20614K [0x29d10000, 0x2b2f3000, 0x347c0000)
   the space 22412K,  91% used [0x29d10000, 0x2b1318b8, 0x2b131a00, 0x2b2f3000)
 compacting perm gen  total 12288K, used 3339K [0x347c0000, 0x353c0000, 0x387c0000)
   the space 12288K,  27% used [0x347c0000, 0x34b02fb8, 0x34b03000, 0x353c0000)
    ro space 10240K,  45% used [0x387c0000, 0x38c43958, 0x38c43a00, 0x391c0000)
    rw space 12288K,  54% used [0x391c0000, 0x39847498, 0x39847600, 0x39dc0000)
Event: 7.615 GC heap after
Heap after GC invocations=7 (full 2):
 def new generation   total 21696K, used 1027K [0x247c0000, 0x25f40000, 0x29d10000)
  eden space 19328K,   5% used [0x247c0000, 0x248c0fc8, 0x25aa0000)
  from space 2368K,   0% used [0x25aa0000, 0x25aa0000, 0x25cf0000)
  to   space 2368K,   0% used [0x25cf0000, 0x25cf0000, 0x25f40000)
 tenured generation   total 48048K, used 28826K [0x29d10000, 0x2cbfc000, 0x347c0000)
   the space 48048K,  59% used [0x29d10000, 0x2b936b28, 0x2b936c00, 0x2cbfc000)
 compacting perm gen  total 12288K, used 3339K [0x347c0000, 0x353c0000, 0x387c0000)
   the space 12288K,  27% used [0x347c0000, 0x34b02fb8, 0x34b03000, 0x353c0000)
    ro space 10240K,  45% used [0x387c0000, 0x38c43958, 0x38c43a00, 0x391c0000)
    rw space 12288K,  54% used [0x391c0000, 0x39847498, 0x39847600, 0x39dc0000)
}

Deoptimization events (0 events):
No events

Internal exceptions (10 events):
Event: 11.164 Thread 0x04f25800 Threw 0x25751ad0 at C:\jdk7u2_32P\jdk7u4\hotspot\src\share\vm\prims\jvm.cpp:1166
Event: 11.164 Thread 0x04f25800 Threw 0x25757a20 at C:\jdk7u2_32P\jdk7u4\hotspot\src\share\vm\prims\jvm.cpp:1166
Event: 11.165 Thread 0x04f25800 Threw 0x2575ada8 at C:\jdk7u2_32P\jdk7u4\hotspot\src\share\vm\prims\jvm.cpp:1166
Event: 11.195 Thread 0x04f25800 Threw 0x25761410 at C:\jdk7u2_32P\jdk7u4\hotspot\src\share\vm\prims\jvm.cpp:1166
Event: 11.197 Thread 0x04f25800 Threw 0x2576b550 at C:\jdk7u2_32P\jdk7u4\hotspot\src\share\vm\prims\jvm.cpp:1166
Event: 11.203 Thread 0x04f25800 Threw 0x2577c1b8 at C:\jdk7u2_32P\jdk7u4\hotspot\src\share\vm\prims\jvm.cpp:1166
Event: 12.665 Thread 0x04f25800 Threw 0x257a1428 at C:\jdk7u2_32P\jdk7u4\hotspot\src\share\vm\prims\jvm.cpp:1166
Event: 12.665 Thread 0x04f25800 Threw 0x257a4008 at C:\jdk7u2_32P\jdk7u4\hotspot\src\share\vm\prims\jvm.cpp:1166
Event: 12.666 Thread 0x04f25800 Threw 0x257a8760 at C:\jdk7u2_32P\jdk7u4\hotspot\src\share\vm\prims\jvm.cpp:1166
Event: 12.666 Thread 0x04f25800 Threw 0x257ab438 at C:\jdk7u2_32P\jdk7u4\hotspot\src\share\vm\prims\jvm.cpp:1166

Events (10 events):
Event: 14.549 Executing VM operation: RevokeBias
Event: 14.549 Executing VM operation: RevokeBias done
Event: 14.549 Executing VM operation: RevokeBias
Event: 14.549 Executing VM operation: RevokeBias done
Event: 14.549 Executing VM operation: RevokeBias
Event: 14.549 Executing VM operation: RevokeBias done
Event: 14.550 Executing VM operation: RevokeBias
Event: 14.550 Executing VM operation: RevokeBias done
Event: 14.550 Executing VM operation: RevokeBias
Event: 14.550 Executing VM operation: RevokeBias done


Dynamic libraries:
0x00fd0000 - 0x00fff000 	C:\Program Files (x86)\Java\jdk1.7.0_04\bin\java.exe
0x778d0000 - 0x77a50000 	C:\Windows\SysWOW64\ntdll.dll
0x76980000 - 0x76a90000 	C:\Windows\syswow64\kernel32.dll
0x751f0000 - 0x75237000 	C:\Windows\syswow64\KERNELBASE.dll
0x76ef0000 - 0x76f90000 	C:\Windows\syswow64\ADVAPI32.dll
0x75130000 - 0x751dc000 	C:\Windows\syswow64\msvcrt.dll
0x75ab0000 - 0x75ac9000 	C:\Windows\SysWOW64\sechost.dll
0x75b10000 - 0x75c00000 	C:\Windows\syswow64\RPCRT4.dll
0x74fb0000 - 0x75010000 	C:\Windows\syswow64\SspiCli.dll
0x74fa0000 - 0x74fac000 	C:\Windows\syswow64\CRYPTBASE.dll
0x75240000 - 0x75340000 	C:\Windows\syswow64\USER32.dll
0x76be0000 - 0x76c70000 	C:\Windows\syswow64\GDI32.dll
0x75aa0000 - 0x75aaa000 	C:\Windows\syswow64\LPK.dll
0x76850000 - 0x768ed000 	C:\Windows\syswow64\USP10.dll
0x73820000 - 0x739be000 	C:\Windows\WinSxS\x86_microsoft.windows.common-controls_6595b64144ccf1df_6.0.7601.17514_none_41e6975e2bd6f2b2\COMCTL32.dll
0x76b80000 - 0x76bd7000 	C:\Windows\syswow64\SHLWAPI.dll
0x75980000 - 0x759e0000 	C:\Windows\system32\IMM32.DLL
0x75510000 - 0x755dc000 	C:\Windows\syswow64\MSCTF.dll
0x10000000 - 0x10008000 	C:\Windows\KATRACK.DLL
0x74de0000 - 0x74e26000 	C:\PROGRA~2\Sophos\SOPHOS~1\SOPHOS~1.DLL
0x751e0000 - 0x751e5000 	C:\Windows\syswow64\PSAPI.DLL
0x66ab0000 - 0x66b6e000 	C:\Program Files (x86)\Java\jdk1.7.0_04\jre\bin\msvcr100.dll
0x653d0000 - 0x6571a000 	C:\Program Files (x86)\Java\jdk1.7.0_04\jre\bin\client\jvm.dll
0x6de20000 - 0x6de27000 	C:\Windows\system32\WSOCK32.dll
0x75ad0000 - 0x75b05000 	C:\Windows\syswow64\WS2_32.dll
0x76940000 - 0x76946000 	C:\Windows\syswow64\NSI.dll
0x739c0000 - 0x739f2000 	C:\Windows\system32\WINMM.dll
0x66c20000 - 0x66c2c000 	C:\Program Files (x86)\Java\jdk1.7.0_04\jre\bin\verify.dll
0x66c00000 - 0x66c20000 	C:\Program Files (x86)\Java\jdk1.7.0_04\jre\bin\java.dll
0x66be0000 - 0x66bf3000 	C:\Program Files (x86)\Java\jdk1.7.0_04\jre\bin\zip.dll
0x66a30000 - 0x66aad000 	C:\Users\barry05\Documents\Visual Studio 2010\Projects\bin\win32\Release\cuda_gauss_tracker.dll
0x66b90000 - 0x66bd1000 	C:\Program Files\NVIDIA GPU Computing Toolkit\CUDA\v6.0\bin\cudart32_60.dll
0x65870000 - 0x65be9000 	C:\Users\barry05\OpenCV\binaries\bin\Release\opencv_core240.dll
0x04c50000 - 0x04cc3000 	C:\ProgramData\NVIDIA Corporation\NVIDIA GPU Computing SDK 4.2\C\common\bin\cudart32_42_9.dll
0x04fe0000 - 0x08033000 	C:\ProgramData\NVIDIA Corporation\NVIDIA GPU Computing SDK 4.2\C\common\bin\npp32_42_9.dll
0x6ced0000 - 0x6cf39000 	C:\Windows\system32\MSVCP100.dll
0x64080000 - 0x642b8000 	C:\Users\barry05\OpenCV\binaries\bin\Release\opencv_imgproc240.dll
0x66920000 - 0x66a25000 	C:\Users\barry05\OpenCV\binaries\bin\Release\opencv_highgui240.dll
0x76c70000 - 0x76dcc000 	C:\Windows\syswow64\ole32.dll
0x76af0000 - 0x76b7f000 	C:\Windows\syswow64\OLEAUT32.dll
0x66b70000 - 0x66b89000 	C:\Windows\system32\AVIFIL32.dll
0x69a20000 - 0x69a34000 	C:\Windows\system32\MSACM32.dll
0x668f0000 - 0x66911000 	C:\Windows\system32\MSVFW32.dll
0x75c00000 - 0x7684b000 	C:\Windows\syswow64\SHELL32.dll
0x668d0000 - 0x668e3000 	C:\Windows\system32\AVICAP32.dll
0x74e90000 - 0x74e99000 	C:\Windows\system32\VERSION.dll
0x63800000 - 0x63942000 	C:\Program Files (x86)\Java\jdk1.7.0_04\jre\bin\awt.dll
0x6de00000 - 0x6de13000 	C:\Windows\system32\DWMAPI.DLL
0x668a0000 - 0x668ca000 	C:\Program Files (x86)\Java\jdk1.7.0_04\jre\bin\fontmanager.dll
0x6c8e0000 - 0x6c964000 	C:\Windows\WinSxS\x86_microsoft.windows.common-controls_6595b64144ccf1df_5.82.7601.18201_none_ec80f00e8593ece5\comctl32.dll
0x57ee0000 - 0x580a3000 	C:\Windows\system32\d3d9.dll
0x5b250000 - 0x5b256000 	C:\Windows\system32\d3d8thk.dll
0x642c0000 - 0x6508e000 	C:\Windows\system32\nvd3dum.dll
0x66850000 - 0x66875000 	C:\Windows\system32\powrprof.dll
0x75610000 - 0x757ad000 	C:\Windows\syswow64\SETUPAPI.dll
0x755e0000 - 0x75607000 	C:\Windows\syswow64\CFGMGR32.dll
0x757b0000 - 0x757c2000 	C:\Windows\syswow64\DEVOBJ.dll
0x65720000 - 0x65859000 	C:\Program Files (x86)\NVIDIA Corporation\3D Vision\nvSCPAPI.dll
0x66880000 - 0x66894000 	C:\Program Files (x86)\Java\jdk1.7.0_04\jre\bin\net.dll
0x73030000 - 0x73052000 	C:\ProgramData\Sophos\Web Intelligence\swi_ifslsp.dll
0x72ff0000 - 0x7302c000 	C:\Windows\system32\mswsock.dll
0x6e600000 - 0x6e606000 	C:\Windows\System32\wship6.dll
0x69970000 - 0x6997f000 	C:\Program Files (x86)\Java\jdk1.7.0_04\jre\bin\nio.dll
0x63f60000 - 0x63f91000 	C:\Program Files (x86)\Java\jdk1.7.0_04\jre\bin\t2k.dll
0x75a10000 - 0x75a93000 	C:\Windows\syswow64\CLBCatQ.DLL
0x6cd80000 - 0x6ce75000 	C:\Windows\system32\propsys.dll
0x74db0000 - 0x74dd1000 	C:\Windows\system32\ntmarta.dll
0x768f0000 - 0x76935000 	C:\Windows\syswow64\WLDAP32.dll
0x6e4a0000 - 0x6e4ec000 	C:\Windows\system32\apphelp.dll
0x69530000 - 0x696c8000 	C:\Windows\system32\NetworkExplorer.dll
0x6aba0000 - 0x6abcf000 	C:\Windows\System32\shdocvw.dll
0x74d70000 - 0x74d7b000 	C:\Windows\system32\profapi.dll
0x6cf40000 - 0x6cf4a000 	C:\Windows\system32\slc.dll
0x73150000 - 0x73162000 	C:\Windows\system32\MPR.dll
0x6ab60000 - 0x6ab68000 	C:\Windows\System32\drprov.dll
0x6db50000 - 0x6db79000 	C:\Windows\System32\WINSTA.dll
0x6a3c0000 - 0x6a3d4000 	C:\Windows\System32\ntlanman.dll
0x6a0e0000 - 0x6a0f9000 	C:\Windows\System32\davclnt.dll
0x6a9e0000 - 0x6a9e8000 	C:\Windows\System32\DAVHLPR.dll
0x74150000 - 0x7415f000 	C:\Windows\system32\wkscli.dll
0x6de30000 - 0x6de3b000 	C:\Windows\system32\cscapi.dll
0x74180000 - 0x74189000 	C:\Windows\system32\netutils.dll
0x628b0000 - 0x62ae8000 	C:\Windows\system32\wpdshext.dll
0x6c200000 - 0x6c390000 	C:\Windows\WinSxS\x86_microsoft.windows.gdiplus_6595b64144ccf1df_1.1.7601.18455_none_72d576ad8665e853\gdiplus.dll
0x69cb0000 - 0x69d39000 	C:\Windows\system32\PortableDeviceApi.dll
0x76950000 - 0x7697e000 	C:\Windows\syswow64\WINTRUST.dll
0x76dd0000 - 0x76ef0000 	C:\Windows\syswow64\CRYPT32.dll
0x778a0000 - 0x778ac000 	C:\Windows\syswow64\MSASN1.dll
0x6a0b0000 - 0x6a0db000 	C:\Windows\system32\PortableDeviceTypes.dll
0x637c0000 - 0x637ff000 	C:\Windows\system32\audiodev.dll
0x623d0000 - 0x62637000 	C:\Windows\system32\WMVCore.DLL
0x63f20000 - 0x63f5d000 	C:\Windows\system32\WMASF.DLL
0x6c580000 - 0x6c5b1000 	C:\Windows\system32\EhStorShell.dll
0x6a080000 - 0x6a0a2000 	C:\Windows\system32\EhStorAPI.dll
0x6a270000 - 0x6a3a0000 	C:\Windows\system32\WindowsCodecs.dll
0x6cb30000 - 0x6cb53000 	C:\Users\barry05\AppData\Roaming\Dropbox\bin\DropboxExt.24.dll
0x73060000 - 0x7314b000 	C:\Windows\system32\dbghelp.dll
0x74ca0000 - 0x74d2e000 	C:\Windows\WinSxS\x86_microsoft.vc90.crt_1fc8b3b9a1e18e3b_9.0.30729.6161_none_50934f2ebcb7eb57\MSVCP90.dll
0x74bf0000 - 0x74c93000 	C:\Windows\WinSxS\x86_microsoft.vc90.crt_1fc8b3b9a1e18e3b_9.0.30729.6161_none_50934f2ebcb7eb57\MSVCR90.dll
0x6aaf0000 - 0x6ab60000 	C:\Windows\system32\ntshrui.dll
0x74160000 - 0x74179000 	C:\Windows\system32\srvcli.dll
0x63790000 - 0x637b4000 	C:\Program Files (x86)\Java\jdk1.7.0_04\jre\bin\dcpr.dll

VM Arguments:
jvm_args: -Dfile.encoding=UTF-8 -Djava.library.path=C:\Users\barry05\Documents\Visual Studio 2010\Projects\bin\win32\Release 
java_command: ParticleTracking.Timelapse_Analysis
Launcher Type: SUN_STANDARD

Environment Variables:
CLASSPATH=.;C:\Program Files\Java\jdk1.7.0_04\lib\tools.jar;C:\Program Files (x86)\QuickTime\QTSystem\QTJava.zip;C:\Users\barry05\ImageJ\
PATH=C:\Program Files\NVIDIA GPU Computing Toolkit\CUDA\v6.0\bin;C:\Program Files\NVIDIA GPU Computing Toolkit\CUDA\v6.0\libnvvp;C:\Program Files (x86)\DNASTAR\SeqMan NGen 4;C:\Program Files (x86)\DNASTAR\Lasergene 10;C:\Program Files\ImageMagick-6.7.8-Q16;C:\Program Files\NVIDIA GPU Computing Toolkit\CUDA\v4.1\bin;C:\Program Files\NVIDIA GPU Computing Toolkit\CUDA\v4.1\libnvvp\;C:\Windows\system32;C:\Windows;C:\Windows\System32\Wbem;C:\Windows\System32\WindowsPowerShell\v1.0\;C:\Program Files (x86)\CMake 2.8\bin;C:\Program Files (x86)\MiKTeX 2.9\miktex\bin\;C:\Program Files\MATLAB\R2012a\bin;c:\Program Files (x86)\Microsoft SQL Server\100\Tools\Binn\;c:\Program Files\Microsoft SQL Server\100\Tools\Binn\;c:\Program Files\Microsoft SQL Server\100\DTS\Binn\;C:\Users\barry05\OpenCV\binaries\bin\Release;C:\Users\barry05\OpenCV\binaries\bin\Debug;C:\ProgramData\NVIDIA Corporation\NVIDIA GPU Computing SDK 4.2\C\common\bin;C:\ProgramData\NVIDIA Corporation\NVIDIA GPU Computing SDK 4.1\C\common\bin;C:\Program Files\Mercurial\;C:\VTKBuild\bin\Debug;C:\Program Files\doxygen\bin;C:\Program Files\TortoiseHg\;C:\Program Files (x86)\boost_1_50_0\;C:\Users\barry05\Documents\Visual Studio 2010\Projects\bin\win32\Release\;C:\Program Files (x86)\QuickTime\QTSystem\;C:\Windows\System32\WindowsPowerShell\v1.0\;C:\Windows\System32\WindowsPowerShell\v1.0\;C:\Program Files (x86)\Java\jdk1.7.0_04\bin\;C:\Strawberry\perl\bin;C:\Strawberry\perl\site\bin;C:\Strawberry\c\bin;C:\Qt\5.2.1\mingw48_32\bin
USERNAME=barry05
OS=Windows_NT
PROCESSOR_IDENTIFIER=Intel64 Family 6 Model 26 Stepping 5, GenuineIntel



---------------  S Y S T E M  ---------------

OS: Windows 7 , 64 bit Build 7601 Service Pack 1

CPU:total 4 (4 cores per cpu, 2 threads per core) family 6 model 26 stepping 5, cmov, cx8, fxsr, mmx, sse, sse2, sse3, ssse3, sse4.1, sse4.2, popcnt, ht, tsc, tscinvbit, tscinv

Memory: 4k page, physical 8371428k(3835248k free), swap 16741000k(11798748k free)

vm_info: Java HotSpot(TM) Client VM (23.0-b21) for windows-x86 JRE (1.7.0_04-b22), built on May  3 2012 00:03:48 by "java_re" with unknown MS VC++:1600

time: Tue Aug 12 10:33:09 2014
elapsed time: 14 seconds

